<?xml version="1.0" encoding="UTF-8"?>
<testng-results skipped="0" failed="0" total="2" passed="2">
  <reporter-output>
  </reporter-output>
  <suite name="Suite1" duration-ms="9799" started-at="2016-03-12T00:18:22Z" finished-at="2016-03-12T00:18:32Z">
    <groups>
    </groups>
    <test name="Regression1" duration-ms="9799" started-at="2016-03-12T00:18:22Z" finished-at="2016-03-12T00:18:32Z">
      <class name="com.twosigma.beakerlab.tests.MainTest">
        <test-method status="PASS" signature="Test()[pri:0, instance:com.twosigma.beakerlab.tests.MainTest@2c6a3f77]" name="Test" duration-ms="9680" started-at="2016-03-12T03:18:22Z" finished-at="2016-03-12T03:18:32Z">
          <reporter-output>
          </reporter-output>
        </test-method> <!-- Test -->
        <test-method status="PASS" signature="Test1()[pri:0, instance:com.twosigma.beakerlab.tests.MainTest@2c6a3f77]" name="Test1" duration-ms="1" started-at="2016-03-12T03:18:32Z" finished-at="2016-03-12T03:18:32Z">
          <reporter-output>
          </reporter-output>
        </test-method> <!-- Test1 -->
      </class> <!-- com.twosigma.beakerlab.tests.MainTest -->
    </test> <!-- Regression1 -->
  </suite> <!-- Suite1 -->
</testng-results>
