<?xml version="1.0" encoding="UTF-8"?>
<testng-results skipped="0" failed="0" total="2" passed="2">
  <reporter-output>
  </reporter-output>
  <suite name="Suite1" duration-ms="6207" started-at="2016-03-11T23:34:46Z" finished-at="2016-03-11T23:34:52Z">
    <groups>
    </groups>
    <test name="Regression1" duration-ms="6207" started-at="2016-03-11T23:34:46Z" finished-at="2016-03-11T23:34:52Z">
      <class name="com.twosigma.beakerlab.tests.MainTest">
        <test-method status="PASS" signature="Test()[pri:0, instance:com.twosigma.beakerlab.tests.MainTest@19bb089b]" name="Test" duration-ms="6181" started-at="2016-03-12T02:34:46Z" finished-at="2016-03-12T02:34:52Z">
          <reporter-output>
          </reporter-output>
        </test-method> <!-- Test -->
        <test-method status="PASS" signature="Test1()[pri:0, instance:com.twosigma.beakerlab.tests.MainTest@19bb089b]" name="Test1" duration-ms="1" started-at="2016-03-12T02:34:52Z" finished-at="2016-03-12T02:34:52Z">
          <reporter-output>
          </reporter-output>
        </test-method> <!-- Test1 -->
      </class> <!-- com.twosigma.beakerlab.tests.MainTest -->
    </test> <!-- Regression1 -->
  </suite> <!-- Suite1 -->
</testng-results>
